The requested member of the collection does not exist. 
  Time='06/10/14 14:39:58' App='WordToRQM:16.1.3637' ADO-version='6.1' Computer='C49' 
  Method: Connect.AttachRqmDot 
  Number: 5941 = &H1735 = vbObjectError + 2147227445 = ERRMAP_APP_FIRST + 2147222247 
  Source: Microsoft Word 
  Description: The requested member of the collection does not exist.
  Call Stack: Connect.AttachRqmDot() ---------------------------------------------------------------



Object variable or With block variable not set 
  Time='06/10/14 14:43:51' App='WordToRQM:16.1.3637' ADO-version='6.1' Computer='C49' 
  Method: WdDocUtils.IsLinkedDocument 
  Number: 91 = &H5B = vbObjectError + 2147221595 = ERRMAP_APP_FIRST + 2147216397 
  Source: WordToRqm16 
  Description: Object variable or With block variable not set
  Call Stack: WdDocUtils.IsLinkedDocument() --------------------------------------------------------



Object variable or With block variable not set 
  Time='06/10/14 14:43:58' App='WordToRQM:16.1.3637' ADO-version='6.1' Computer='C49' 
  Method: WdDocUtils.IsLinkedDocument 
  Number: 91 = &H5B = vbObjectError + 2147221595 = ERRMAP_APP_FIRST + 2147216397 
  Source: WordToRqm16 
  Description: Object variable or With block variable not set
  Call Stack: WdDocUtils.IsLinkedDocument() --------------------------------------------------------



